<?xml version="1.0" encoding="UTF-8"?>
<testng-results skipped="0" failed="0" ignored="0" total="1" passed="1">
  <reporter-output>
  </reporter-output>
  <suite name="Default suite" duration-ms="7066" started-at="2018-08-14T16:50:05Z" finished-at="2018-08-14T16:50:12Z">
    <groups>
    </groups>
    <test name="Default test" duration-ms="7066" started-at="2018-08-14T16:50:05Z" finished-at="2018-08-14T16:50:12Z">
      <class name="POM_assignment.VerifyLogin">
        <test-method status="PASS" signature="verifyValidLogin()[pri:0, instance:POM_assignment.VerifyLogin@4313f5bc]" name="verifyValidLogin" duration-ms="7036" started-at="2018-08-14T09:50:05Z" finished-at="2018-08-14T09:50:12Z">
          <reporter-output>
          </reporter-output>
        </test-method> <!-- verifyValidLogin -->
      </class> <!-- POM_assignment.VerifyLogin -->
    </test> <!-- Default test -->
  </suite> <!-- Default suite -->
</testng-results>
